<?xml version="1.0" encoding="UTF-8"?>
<!-- Generated by org.testng.reporters.JUnitReportReporter -->
<testsuite hostname="Thirumalaivasans-MacBook-Air.local" failures="0" tests="1" name="JavaTest.ExcelWritter" time="0.964" errors="0" timestamp="2023-12-21T15:00:04 IST" skipped="0">
  <testcase classname="JavaTest.ExcelWritter" name="excelWritter" time="0.964"/>
  <system-out/>
</testsuite> <!-- JavaTest.ExcelWritter -->
