<?xml version="1.0" encoding="UTF-8"?>
<!-- Generated by org.testng.reporters.JUnitReportReporter -->
<testsuite hostname="Thirumalaivasans-MacBook-Air.local" failures="0" tests="1" name="WindowsAndFrames.WindowHandling" time="3.644" errors="0" timestamp="2023-12-22T13:56:54 IST" skipped="0">
  <testcase classname="WindowsAndFrames.WindowHandling" name="main" time="3.644"/>
  <system-out/>
</testsuite> <!-- WindowsAndFrames.WindowHandling -->
