<?xml version="1.0" encoding="UTF-8"?>
<!-- Generated by org.testng.reporters.JUnitReportReporter -->
<testsuite hostname="Thirumalaivasans-MacBook-Air.local" failures="0" tests="6" name="JavaTest.WebTables" time="3.358" errors="0" timestamp="2023-12-20T18:00:36 IST" skipped="0">
  <testcase classname="JavaTest.WebTables" name="TotalRows" time="0.020"/>
  <system-out/>
  <testcase classname="JavaTest.WebTables" name="RowsText" time="3.220"/>
  <system-out/>
  <testcase classname="JavaTest.WebTables" name="WebTablesCount" time="0.020"/>
  <system-out/>
  <testcase classname="JavaTest.WebTables" name="WebRows" time="0.016"/>
  <system-out/>
  <testcase classname="JavaTest.WebTables" name="johnExsitornot" time="0.043"/>
  <system-out/>
  <testcase classname="JavaTest.WebTables" name="WebTable" time="0.039"/>
  <system-out/>
</testsuite> <!-- JavaTest.WebTables -->
