<?xml version="1.0" encoding="UTF-8"?>
<!-- Generated by org.testng.reporters.JUnitReportReporter -->
<testsuite hostname="Thirumalaivasans-MacBook-Air.local" failures="0" tests="1" name="JavaTest.DropdownSelection" time="1.020" errors="0" timestamp="2023-12-21T13:27:32 IST" skipped="0">
  <testcase classname="JavaTest.DropdownSelection" name="m1" time="1.020"/>
  <system-out/>
</testsuite> <!-- JavaTest.DropdownSelection -->
