<?xml version="1.0" encoding="UTF-8"?>
<!-- Generated by org.testng.reporters.JUnitReportReporter -->
<testsuite hostname="Thirumalaivasans-MacBook-Air.local" failures="0" tests="1" name="JavaTest.WindowHandling" time="3.788" errors="0" timestamp="2023-12-20T18:29:05 IST" skipped="0">
  <testcase classname="JavaTest.WindowHandling" name="main" time="3.788"/>
  <system-out/>
</testsuite> <!-- JavaTest.WindowHandling -->
