<?xml version="1.0" encoding="UTF-8"?>
<!-- Generated by org.testng.reporters.JUnitReportReporter -->
<testsuite hostname="Thirumalaivasans-MacBook-Air.local" failures="0" tests="2" name="JavaTest.NewExcelData" time="1.087" errors="0" timestamp="2023-12-22T13:33:22 IST" skipped="0">
  <testcase classname="JavaTest.NewExcelData" name="excelWritter" time="0.987"/>
  <system-out/>
  <testcase classname="JavaTest.NewExcelData" name="main" time="0.100"/>
  <system-out/>
</testsuite> <!-- JavaTest.NewExcelData -->
