<?xml version="1.0" encoding="UTF-8"?>
<!-- Generated by org.testng.reporters.JUnitReportReporter -->
<testsuite hostname="Thirumalaivasans-MacBook-Air.local" failures="0" tests="1" name="JavaCodings.DatePickerTask" time="4.106" errors="0" timestamp="2023-12-22T13:09:37 IST" skipped="0">
  <testcase classname="JavaCodings.DatePickerTask" name="main" time="4.106"/>
  <system-out/>
</testsuite> <!-- JavaCodings.DatePickerTask -->
