<?xml version="1.0" encoding="UTF-8"?>
<!-- Generated by org.testng.reporters.JUnitReportReporter -->
<testsuite hostname="Thirumalaivasans-MacBook-Air.local" failures="0" tests="1" name="JavaTest.JavaScriptExecutor" time="8.246" errors="0" timestamp="2023-12-22T09:55:55 IST" skipped="0">
  <testcase classname="JavaTest.JavaScriptExecutor" name="javaScriptScroll" time="8.246"/>
  <system-out/>
</testsuite> <!-- JavaTest.JavaScriptExecutor -->
