<?xml version="1.0" encoding="UTF-8"?>
<!-- Generated by org.testng.reporters.JUnitReportReporter -->
<testsuite hostname="Thirumalaivasans-MacBook-Air.local" failures="0" tests="1" name="JavaTest.NewExcelData" time="0.932" errors="0" timestamp="2023-12-22T13:18:20 IST" skipped="0">
  <testcase classname="JavaTest.NewExcelData" name="excelWritter" time="0.932"/>
  <system-out/>
</testsuite> <!-- JavaTest.NewExcelData -->
