<?xml version="1.0" encoding="UTF-8"?>
<!-- Generated by org.testng.reporters.JUnitReportReporter -->
<testsuite hostname="Thirumalaivasans-MacBook-Air.local" failures="0" tests="1" name="JavaCodings.DemoScreenShot" time="60.038" errors="0" timestamp="2023-12-21T12:04:26 IST" skipped="0">
  <testcase classname="JavaCodings.DemoScreenShot" name="screenShot" time="60.038"/>
  <system-out/>
</testsuite> <!-- JavaCodings.DemoScreenShot -->
