<?xml version="1.0" encoding="UTF-8"?>
<!-- Generated by org.testng.reporters.JUnitReportReporter -->
<testsuite hostname="Thirumalaivasans-MacBook-Air.local" failures="0" tests="6" name="JavaCodings.HandlingAlerts" time="1.065" errors="0" timestamp="2023-12-21T14:15:10 IST" skipped="0">
  <testcase classname="JavaCodings.HandlingAlerts" name="DismissPrompt" time="0.381"/>
  <system-out/>
  <testcase classname="JavaCodings.HandlingAlerts" name="acceptAler" time="0.189"/>
  <system-out/>
  <testcase classname="JavaCodings.HandlingAlerts" name="dismissConfirm" time="0.110"/>
  <system-out/>
  <testcase classname="JavaCodings.HandlingAlerts" name="dismissAler" time="0.113"/>
  <system-out/>
  <testcase classname="JavaCodings.HandlingAlerts" name="acceptConfirm" time="0.134"/>
  <system-out/>
  <testcase classname="JavaCodings.HandlingAlerts" name="acceptPrompt" time="0.138"/>
  <system-out/>
</testsuite> <!-- JavaCodings.HandlingAlerts -->
