<?xml version="1.0" encoding="UTF-8"?>
<!-- Generated by org.testng.reporters.JUnitReportReporter -->
<testsuite hostname="Thirumalaivasans-MacBook-Air.local" failures="0" tests="1" name="JavaTest.HandlingIframesTask" time="0.861" errors="0" timestamp="2023-12-22T13:45:40 IST" skipped="0">
  <testcase classname="JavaTest.HandlingIframesTask" name="handlingiframe" time="0.861"/>
  <system-out/>
</testsuite> <!-- JavaTest.HandlingIframesTask -->
