<?xml version="1.0" encoding="UTF-8"?>
<!-- Generated by org.testng.reporters.JUnitReportReporter -->
<testsuite hostname="Thirumalaivasans-MacBook-Air.local" failures="0" tests="1" name="JavaTest.Reader" time="0.832" errors="0" timestamp="2023-12-21T15:18:38 IST" skipped="0">
  <testcase classname="JavaTest.Reader" name="main" time="0.832"/>
  <system-out/>
</testsuite> <!-- JavaTest.Reader -->
