<?xml version="1.0" encoding="UTF-8"?>
<!-- Generated by org.testng.reporters.JUnitReportReporter -->
<testsuite hostname="Thirumalaivasans-MacBook-Air.local" failures="0" tests="1" name="JavaTest.Count" time="0.823" errors="0" timestamp="2023-12-21T15:36:16 IST" skipped="0">
  <testcase classname="JavaTest.Count" name="main" time="0.823"/>
  <system-out/>
</testsuite> <!-- JavaTest.Count -->
