<?xml version="1.0" encoding="UTF-8"?>
<!-- Generated by org.testng.reporters.JUnitReportReporter -->
<testsuite hostname="Thirumalaivasans-MacBook-Air.local" failures="0" tests="1" name="JavaTest.phpTravels" time="4.711" errors="0" timestamp="2023-12-22T17:53:43 IST" skipped="0">
  <testcase classname="JavaTest.phpTravels" name="main" time="4.711"/>
  <system-out/>
</testsuite> <!-- JavaTest.phpTravels -->
